#
# There is insufficient memory for the Java Runtime Environment to continue.
# Native memory allocation (malloc) failed to allocate 32744 bytes for ChunkPool::allocate
# Possible reasons:
#   The system is out of physical RAM or swap space
#   In 32 bit mode, the process size limit was hit
# Possible solutions:
#   Reduce memory load on the system
#   Increase physical memory or swap space
#   Check if swap backing store is full
#   Use 64 bit Java on a 64 bit OS
#   Decrease Java heap size (-Xmx/-Xms)
#   Decrease number of Java threads
#   Decrease Java thread stack sizes (-Xss)
#   Set larger code cache with -XX:ReservedCodeCacheSize=
# This output file may be truncated or incomplete.
#
#  Out of Memory Error (allocation.cpp:273), pid=19664, tid=0x0000000000001b88
#
# JRE version: Java(TM) SE Runtime Environment (8.0_111-b14) (build 1.8.0_111-b14)
# Java VM: Java HotSpot(TM) 64-Bit Server VM (25.111-b14 mixed mode windows-amd64 compressed oops)
# Failed to write core dump. Minidumps are not enabled by default on client versions of Windows
#

---------------  T H R E A D  ---------------

Current thread (0x00000000193e2800):  JavaThread "C1 CompilerThread3" daemon [_thread_in_native, id=7048, stack(0x0000000019e90000,0x0000000019f90000)]

Stack: [0x0000000019e90000,0x0000000019f90000]
[error occurred during error reporting (printing stack bounds), id 0xc0000005]

Native frames: (J=compiled Java code, j=interpreted, Vv=VM code, C=native code)


Current CompileTask:
C1:11031230  930   !   3       java.awt.Container::mixOnReshaping (163 bytes)


---------------  P R O C E S S  ---------------

Java Threads: ( => current thread )
  0x00000000023f2800 JavaThread "DestroyJavaVM" [_thread_blocked, id=7272, stack(0x00000000022f0000,0x00000000023f0000)]
  0x000000001a362800 JavaThread "AWT-EventQueue-0" [_thread_blocked, id=16288, stack(0x000000001c010000,0x000000001c110000)]
  0x000000001a33f800 JavaThread "AWT-Windows" daemon [_thread_in_native, id=25500, stack(0x000000001ad20000,0x000000001ae20000)]
  0x000000001a33f000 JavaThread "AWT-Shutdown" [_thread_blocked, id=26856, stack(0x000000001ac20000,0x000000001ad20000)]
  0x000000001a33a000 JavaThread "Java2D Disposer" daemon [_thread_blocked, id=15940, stack(0x000000001aac0000,0x000000001abc0000)]
  0x000000001946c000 JavaThread "Service Thread" daemon [_thread_blocked, id=20868, stack(0x0000000019f90000,0x000000001a090000)]
=>0x00000000193e2800 JavaThread "C1 CompilerThread3" daemon [_thread_in_native, id=7048, stack(0x0000000019e90000,0x0000000019f90000)]
  0x00000000193dc800 JavaThread "C2 CompilerThread2" daemon [_thread_blocked, id=16588, stack(0x0000000019d90000,0x0000000019e90000)]
  0x00000000193cc000 JavaThread "C2 CompilerThread1" daemon [_thread_blocked, id=23360, stack(0x0000000019c90000,0x0000000019d90000)]
  0x00000000193c9000 JavaThread "C2 CompilerThread0" daemon [_thread_blocked, id=26224, stack(0x0000000019b90000,0x0000000019c90000)]
  0x00000000193c7800 JavaThread "Attach Listener" daemon [_thread_blocked, id=28056, stack(0x0000000019a90000,0x0000000019b90000)]
  0x00000000024ec800 JavaThread "Signal Dispatcher" daemon [_thread_blocked, id=19184, stack(0x0000000019990000,0x0000000019a90000)]
  0x00000000193c0800 JavaThread "Finalizer" daemon [_thread_blocked, id=7588, stack(0x00000000197a0000,0x00000000198a0000)]
  0x00000000024e6000 JavaThread "Reference Handler" daemon [_thread_blocked, id=14036, stack(0x00000000192a0000,0x00000000193a0000)]

Other Threads:
  0x00000000174c9000 VMThread [stack: 0x00000000191a0000,0x00000000192a0000] [id=8280]
  0x0000000019492800 WatcherThread [stack: 0x000000001a090000,0x000000001a190000] [id=15528]

VM state:not at safepoint (normal execution)

VM Mutex/Monitor currently owned by a thread: None

Heap:
 PSYoungGen      total 38400K, used 4488K [0x00000000d5b00000, 0x00000000d8580000, 0x0000000100000000)
  eden space 33280K, 8% used [0x00000000d5b00000,0x00000000d5dd62c0,0x00000000d7b80000)
  from space 5120K, 30% used [0x00000000d7b80000,0x00000000d7d0c010,0x00000000d8080000)
  to   space 5120K, 0% used [0x00000000d8080000,0x00000000d8080000,0x00000000d8580000)
 ParOldGen       total 87552K, used 21193K [0x0000000081000000, 0x0000000086580000, 0x00000000d5b00000)
  object space 87552K, 24% used [0x0000000081000000,0x00000000824b2530,0x0000000086580000)
 Metaspace       used 9918K, capacity 10102K, committed 10368K, reserved 1058816K
  class space    used 1249K, capacity 1357K, committed 1408K, reserved 1048576K

Card table byte_map: [0x00000000118b0000,0x0000000011cb0000] byte_map_base: 0x00000000114a8000

Marking Bits: (ParMarkBitMap*) 0x00000000623da6c0
 Begin Bits: [0x0000000012760000, 0x0000000014720000)
 End Bits:   [0x0000000014720000, 0x00000000166e0000)

Polling page: 0x0000000000ab0000

CodeCache: size=245760Kb used=3532Kb max_used=3532Kb free=242227Kb
 bounds [0x00000000024f0000, 0x0000000002870000, 0x00000000114f0000]
 total_blobs=1390 nmethods=929 adapters=373
 compilation: enabled

Compilation events (10 events):
Event: 10950.714 Thread 0x00000000193e2800 nmethod 922 0x00000000028608d0 code [0x0000000002860b40, 0x00000000028620d8]
Event: 10950.714 Thread 0x00000000193e2800  923       3       javax.swing.JComponent::reshape (10 bytes)
Event: 10950.714 Thread 0x00000000193e2800 nmethod 923 0x0000000002831350 code [0x00000000028314c0, 0x0000000002831648]
Event: 10950.716 Thread 0x00000000193e2800  927       3       java.beans.PropertyChangeSupport::firePropertyChange (35 bytes)
Event: 10950.718 Thread 0x00000000193e2800 nmethod 927 0x00000000028627d0 code [0x0000000002862980, 0x0000000002863028]
Event: 11029.176 Thread 0x00000000193e2800  928       3       java.awt.Component::location_NoClientCode (16 bytes)
Event: 11029.176 Thread 0x00000000193e2800 nmethod 928 0x0000000002830dd0 code [0x0000000002830f40, 0x0000000002831210]
Event: 11029.244 Thread 0x00000000193e2800  929       3       java.util.HashMap::resize (359 bytes)
Event: 11029.245 Thread 0x00000000193e2800 nmethod 929 0x0000000002863310 code [0x0000000002863560, 0x0000000002864788]
Event: 11029.293 Thread 0x00000000193e2800  930   !   3       java.awt.Container::mixOnReshaping (163 bytes)

GC Heap History (6 events):
Event: 114.844 GC heap before
{Heap before GC invocations=1 (full 0):
 PSYoungGen      total 38400K, used 33280K [0x00000000d5b00000, 0x00000000d8580000, 0x0000000100000000)
  eden space 33280K, 100% used [0x00000000d5b00000,0x00000000d7b80000,0x00000000d7b80000)
  from space 5120K, 0% used [0x00000000d8080000,0x00000000d8080000,0x00000000d8580000)
  to   space 5120K, 0% used [0x00000000d7b80000,0x00000000d7b80000,0x00000000d8080000)
 ParOldGen       total 87552K, used 0K [0x0000000081000000, 0x0000000086580000, 0x00000000d5b00000)
  object space 87552K, 0% used [0x0000000081000000,0x0000000081000000,0x0000000086580000)
 Metaspace       used 9857K, capacity 9996K, committed 10368K, reserved 1058816K
  class space    used 1244K, capacity 1322K, committed 1408K, reserved 1048576K
Event: 114.864 GC heap after
Heap after GC invocations=1 (full 0):
 PSYoungGen      total 38400K, used 1648K [0x00000000d5b00000, 0x00000000d8580000, 0x0000000100000000)
  eden space 33280K, 0% used [0x00000000d5b00000,0x00000000d5b00000,0x00000000d7b80000)
  from space 5120K, 32% used [0x00000000d7b80000,0x00000000d7d1c010,0x00000000d8080000)
  to   space 5120K, 0% used [0x00000000d8080000,0x00000000d8080000,0x00000000d8580000)
 ParOldGen       total 87552K, used 21177K [0x0000000081000000, 0x0000000086580000, 0x00000000d5b00000)
  object space 87552K, 24% used [0x0000000081000000,0x00000000824ae530,0x0000000086580000)
 Metaspace       used 9857K, capacity 9996K, committed 10368K, reserved 1058816K
  class space    used 1244K, capacity 1322K, committed 1408K, reserved 1048576K
}
Event: 117.325 GC heap before
{Heap before GC invocations=2 (full 0):
 PSYoungGen      total 38400K, used 34928K [0x00000000d5b00000, 0x00000000d8580000, 0x0000000100000000)
  eden space 33280K, 100% used [0x00000000d5b00000,0x00000000d7b80000,0x00000000d7b80000)
  from space 5120K, 32% used [0x00000000d7b80000,0x00000000d7d1c010,0x00000000d8080000)
  to   space 5120K, 0% used [0x00000000d8080000,0x00000000d8080000,0x00000000d8580000)
 ParOldGen       total 87552K, used 21177K [0x0000000081000000, 0x0000000086580000, 0x00000000d5b00000)
  object space 87552K, 24% used [0x0000000081000000,0x00000000824ae530,0x0000000086580000)
 Metaspace       used 9861K, capacity 10060K, committed 10368K, reserved 1058816K
  class space    used 1244K, capacity 1322K, committed 1408K, reserved 1048576K
Event: 117.331 GC heap after
Heap after GC invocations=2 (full 0):
 PSYoungGen      total 38400K, used 1632K [0x00000000d5b00000, 0x00000000d8580000, 0x0000000100000000)
  eden space 33280K, 0% used [0x00000000d5b00000,0x00000000d5b00000,0x00000000d7b80000)
  from space 5120K, 31% used [0x00000000d8080000,0x00000000d8218000,0x00000000d8580000)
  to   space 5120K, 0% used [0x00000000d7b80000,0x00000000d7b80000,0x00000000d8080000)
 ParOldGen       total 87552K, used 21185K [0x0000000081000000, 0x0000000086580000, 0x00000000d5b00000)
  object space 87552K, 24% used [0x0000000081000000,0x00000000824b0530,0x0000000086580000)
 Metaspace       used 9861K, capacity 10060K, committed 10368K, reserved 1058816K
  class space    used 1244K, capacity 1322K, committed 1408K, reserved 1048576K
}
Event: 123.233 GC heap before
{Heap before GC invocations=3 (full 0):
 PSYoungGen      total 38400K, used 34912K [0x00000000d5b00000, 0x00000000d8580000, 0x0000000100000000)
  eden space 33280K, 100% used [0x00000000d5b00000,0x00000000d7b80000,0x00000000d7b80000)
  from space 5120K, 31% used [0x00000000d8080000,0x00000000d8218000,0x00000000d8580000)
  to   space 5120K, 0% used [0x00000000d7b80000,0x00000000d7b80000,0x00000000d8080000)
 ParOldGen       total 87552K, used 21185K [0x0000000081000000, 0x0000000086580000, 0x00000000d5b00000)
  object space 87552K, 24% used [0x0000000081000000,0x00000000824b0530,0x0000000086580000)
 Metaspace       used 9878K, capacity 10060K, committed 10368K, reserved 1058816K
  class space    used 1244K, capacity 1322K, committed 1408K, reserved 1048576K
Event: 123.238 GC heap after
Heap after GC invocations=3 (full 0):
 PSYoungGen      total 38400K, used 1584K [0x00000000d5b00000, 0x00000000d8580000, 0x0000000100000000)
  eden space 33280K, 0% used [0x00000000d5b00000,0x00000000d5b00000,0x00000000d7b80000)
  from space 5120K, 30% used [0x00000000d7b80000,0x00000000d7d0c010,0x00000000d8080000)
  to   space 5120K, 0% used [0x00000000d8080000,0x00000000d8080000,0x00000000d8580000)
 ParOldGen       total 87552K, used 21193K [0x0000000081000000, 0x0000000086580000, 0x00000000d5b00000)
  object space 87552K, 24% used [0x0000000081000000,0x00000000824b2530,0x0000000086580000)
 Metaspace       used 9878K, capacity 10060K, committed 10368K, reserved 1058816K
  class space    used 1244K, capacity 1322K, committed 1408K, reserved 1048576K
}

Deoptimization events (10 events):
Event: 103.998 Thread 0x000000001a362800 Uncommon trap: reason=class_check action=maybe_recompile pc=0x0000000002679ce8 method=java.lang.String.equals(Ljava/lang/Object;)Z @ 8
Event: 104.000 Thread 0x000000001a362800 Uncommon trap: reason=null_check action=make_not_entrant pc=0x00000000026af1d8 method=java.awt.Component.isLightweight()Z @ 4
Event: 104.003 Thread 0x000000001a362800 Uncommon trap: reason=unstable_if action=reinterpret pc=0x00000000026c9054 method=java.awt.Component.isDisplayable()Z @ 4
Event: 111.827 Thread 0x000000001a362800 Uncommon trap: reason=unstable_if action=reinterpret pc=0x00000000027f4eec method=model.Board.checkVictoryFrom(IIII)Lmodel/Victory; @ 121
Event: 111.827 Thread 0x000000001a362800 Uncommon trap: reason=unstable_if action=reinterpret pc=0x00000000027e6010 method=model.Board.checkVictoryFrom(IIII)Lmodel/Victory; @ 121
Event: 111.828 Thread 0x000000001a362800 Uncommon trap: reason=unstable_if action=reinterpret pc=0x00000000027ea964 method=model.Board.checkVictoryFrom(IIII)Lmodel/Victory; @ 121
Event: 112.119 Thread 0x000000001a362800 Uncommon trap: reason=unstable_if action=reinterpret pc=0x0000000002800f14 method=model.Board.checkVictoryFrom(IIII)Lmodel/Victory; @ 143
Event: 112.119 Thread 0x000000001a362800 Uncommon trap: reason=unstable_if action=reinterpret pc=0x00000000027f0158 method=model.Board.checkVictoryFrom(IIII)Lmodel/Victory; @ 143
Event: 112.256 Thread 0x000000001a362800 Uncommon trap: reason=unstable_if action=reinterpret pc=0x000000000280a450 method=model.Board.checkVictoryFrom(IIII)Lmodel/Victory; @ 143
Event: 122.764 Thread 0x000000001a362800 Uncommon trap: reason=unstable_if action=reinterpret pc=0x0000000002849388 method=model.Board.checkVictoryFrom(IIII)Lmodel/Victory; @ 121

Internal exceptions (10 events):
Event: 0.298 Thread 0x00000000023f2800 Exception <a 'java/security/PrivilegedActionException'> (0x00000000d5b9a1a8) thrown at [C:\re\workspace\8-2-build-windows-amd64-cygwin\jdk8u111\7883\hotspot\src\share\vm\prims\jvm.cpp, line 1386]
Event: 0.298 Thread 0x00000000023f2800 Exception <a 'java/security/PrivilegedActionException'> (0x00000000d5b9a3b8) thrown at [C:\re\workspace\8-2-build-windows-amd64-cygwin\jdk8u111\7883\hotspot\src\share\vm\prims\jvm.cpp, line 1386]
Event: 0.300 Thread 0x00000000023f2800 Exception <a 'java/security/PrivilegedActionException'> (0x00000000d5b9e000) thrown at [C:\re\workspace\8-2-build-windows-amd64-cygwin\jdk8u111\7883\hotspot\src\share\vm\prims\jvm.cpp, line 1386]
Event: 0.300 Thread 0x00000000023f2800 Exception <a 'java/security/PrivilegedActionException'> (0x00000000d5b9e210) thrown at [C:\re\workspace\8-2-build-windows-amd64-cygwin\jdk8u111\7883\hotspot\src\share\vm\prims\jvm.cpp, line 1386]
Event: 0.327 Thread 0x00000000023f2800 Exception <a 'java/io/FileNotFoundException'> (0x00000000d5ba07d0) thrown at [C:\re\workspace\8-2-build-windows-amd64-cygwin\jdk8u111\7883\hotspot\src\share\vm\prims\jni.cpp, line 709]
Event: 0.436 Thread 0x00000000023f2800 Exception <a 'java/lang/NoSuchFieldError': method resolution failed> (0x00000000d5d14980) thrown at [C:\re\workspace\8-2-build-windows-amd64-cygwin\jdk8u111\7883\hotspot\src\share\vm\prims\methodHandles.cpp, line 1146]
Event: 0.440 Thread 0x00000000023f2800 Exception <a 'java/lang/NoSuchFieldError': method resolution failed> (0x00000000d5d21d50) thrown at [C:\re\workspace\8-2-build-windows-amd64-cygwin\jdk8u111\7883\hotspot\src\share\vm\prims\methodHandles.cpp, line 1146]
Event: 0.555 Thread 0x00000000023f2800 Exception <a 'java/io/FileNotFoundException'> (0x00000000d5db8118) thrown at [C:\re\workspace\8-2-build-windows-amd64-cygwin\jdk8u111\7883\hotspot\src\share\vm\prims\jni.cpp, line 709]
Event: 0.686 Thread 0x00000000023f2800 Implicit null exception at 0x00000000026639a2 to 0x0000000002663b69
Event: 104.000 Thread 0x000000001a362800 Implicit null exception at 0x00000000026af170 to 0x00000000026af1cb

Events (10 events):
Event: 127.205 loading class sun/awt/SunToolkit$1
Event: 127.205 loading class sun/awt/SunToolkit$1 done
Event: 10946.681 loading class sun/awt/windows/WToolkit$3
Event: 10948.858 loading class sun/awt/windows/WToolkit$3 done
Event: 10948.882 loading class java/util/WeakHashMap$KeyIterator
Event: 10949.541 loading class java/util/WeakHashMap$HashIterator
Event: 10950.041 loading class java/util/WeakHashMap$HashIterator done
Event: 10950.041 loading class java/util/WeakHashMap$KeyIterator done
Event: 10950.084 loading class javax/swing/RepaintManager$DisplayChangedRunnable
Event: 10950.681 loading class javax/swing/RepaintManager$DisplayChangedRunnable done


Dynamic libraries:
0x00007ff6befd0000 - 0x00007ff6bf007000 	C:\Program Files\Java\jre1.8.0_111\bin\javaw.exe
0x00007ff999ea0000 - 0x00007ff99a071000 	C:\WINDOWS\SYSTEM32\ntdll.dll
0x00007ff997700000 - 0x00007ff9977ab000 	C:\WINDOWS\System32\KERNEL32.DLL
0x00007ff9963b0000 - 0x00007ff9965cd000 	C:\WINDOWS\System32\KERNELBASE.dll
0x00007ff997650000 - 0x00007ff9976f2000 	C:\WINDOWS\System32\ADVAPI32.dll
0x00007ff9997d0000 - 0x00007ff99986e000 	C:\WINDOWS\System32\msvcrt.dll
0x00007ff997430000 - 0x00007ff997489000 	C:\WINDOWS\System32\sechost.dll
0x00007ff999630000 - 0x00007ff999751000 	C:\WINDOWS\System32\RPCRT4.dll
0x00007ff999870000 - 0x00007ff9999d5000 	C:\WINDOWS\System32\USER32.dll
0x00007ff996390000 - 0x00007ff9963ae000 	C:\WINDOWS\System32\win32u.dll
0x00007ff997610000 - 0x00007ff997644000 	C:\WINDOWS\System32\GDI32.dll
0x00007ff9972a0000 - 0x00007ff997422000 	C:\WINDOWS\System32\gdi32full.dll
0x00007ff98a4b0000 - 0x00007ff98a72a000 	C:\WINDOWS\WinSxS\amd64_microsoft.windows.common-controls_6595b64144ccf1df_6.0.14393.351_none_4213128bc687e6d3\COMCTL32.dll
0x00007ff998f20000 - 0x00007ff9991e7000 	C:\WINDOWS\System32\combase.dll
0x00007ff996680000 - 0x00007ff996775000 	C:\WINDOWS\System32\ucrtbase.dll
0x00007ff997180000 - 0x00007ff9971ea000 	C:\WINDOWS\System32\bcryptPrimitives.dll
0x00007ff999e10000 - 0x00007ff999e3e000 	C:\WINDOWS\System32\IMM32.DLL
0x0000000061a70000 - 0x0000000061b42000 	C:\Program Files\Java\jre1.8.0_111\bin\msvcr100.dll
0x0000000061bc0000 - 0x000000006245a000 	C:\Program Files\Java\jre1.8.0_111\bin\server\jvm.dll
0x00007ff999260000 - 0x00007ff999268000 	C:\WINDOWS\System32\PSAPI.DLL
0x00007ff990580000 - 0x00007ff99058a000 	C:\WINDOWS\SYSTEM32\VERSION.dll
0x00007ff980030000 - 0x00007ff980039000 	C:\WINDOWS\SYSTEM32\WSOCK32.dll
0x00007ff9947c0000 - 0x00007ff9947e3000 	C:\WINDOWS\SYSTEM32\WINMM.dll
0x00007ff9991f0000 - 0x00007ff99925a000 	C:\WINDOWS\System32\WS2_32.dll
0x00007ff994790000 - 0x00007ff9947bb000 	C:\WINDOWS\SYSTEM32\WINMMBASE.dll
0x00007ff997130000 - 0x00007ff997172000 	C:\WINDOWS\System32\cfgmgr32.dll
0x0000000063640000 - 0x000000006364f000 	C:\Program Files\Java\jre1.8.0_111\bin\verify.dll
0x00000000631c0000 - 0x00000000631e9000 	C:\Program Files\Java\jre1.8.0_111\bin\java.dll
0x00000000631a0000 - 0x00000000631b6000 	C:\Program Files\Java\jre1.8.0_111\bin\zip.dll
0x00007ff997910000 - 0x00007ff998e19000 	C:\WINDOWS\System32\SHELL32.dll
0x00007ff996a50000 - 0x00007ff99712a000 	C:\WINDOWS\System32\windows.storage.dll
0x00007ff996320000 - 0x00007ff99636c000 	C:\WINDOWS\System32\powrprof.dll
0x00007ff999420000 - 0x00007ff999472000 	C:\WINDOWS\System32\shlwapi.dll
0x00007ff996310000 - 0x00007ff99631f000 	C:\WINDOWS\System32\kernel.appcore.dll
0x00007ff9965d0000 - 0x00007ff996679000 	C:\WINDOWS\System32\shcore.dll
0x00007ff996370000 - 0x00007ff996384000 	C:\WINDOWS\System32\profapi.dll
0x00000000618d0000 - 0x0000000061a68000 	C:\Program Files\Java\jre1.8.0_111\bin\awt.dll
0x00007ff997490000 - 0x00007ff99754f000 	C:\WINDOWS\System32\OLEAUT32.dll
0x00007ff996780000 - 0x00007ff99681c000 	C:\WINDOWS\System32\msvcp_win.dll
0x00007ff9948c0000 - 0x00007ff99493a000 	C:\WINDOWS\SYSTEM32\apphelp.dll
0x00007ff993cc0000 - 0x00007ff993ce6000 	C:\WINDOWS\system32\DWMAPI.DLL
0x00007ff994af0000 - 0x00007ff994b85000 	C:\WINDOWS\system32\uxtheme.dll
0x00007ff9977b0000 - 0x00007ff99790b000 	C:\WINDOWS\System32\MSCTF.dll
0x00007ff985310000 - 0x00007ff9853a8000 	C:\Program Files\Common Files\microsoft shared\ink\tiptsf.dll
0x00007ff999480000 - 0x00007ff9995b7000 	C:\WINDOWS\System32\ole32.dll
0x0000000061880000 - 0x00000000618c7000 	C:\Program Files\Java\jre1.8.0_111\bin\fontmanager.dll
0x0000000061ba0000 - 0x0000000061bba000 	C:\Program Files\Java\jre1.8.0_111\bin\net.dll
0x00007ff995ad0000 - 0x00007ff995b2c000 	C:\WINDOWS\system32\mswsock.dll
0x0000000061b80000 - 0x0000000061b91000 	C:\Program Files\Java\jre1.8.0_111\bin\nio.dll
0x0000000061830000 - 0x0000000061872000 	C:\Program Files\Java\jre1.8.0_111\bin\t2k.dll
0x00007ff997550000 - 0x00007ff9975ef000 	C:\WINDOWS\System32\clbcatq.dll
0x00007ff985160000 - 0x00007ff98530b000 	C:\Windows\System32\uiautomationcore.dll
0x00007ff995960000 - 0x00007ff99597f000 	C:\Windows\System32\USERENV.dll
0x00007ff996140000 - 0x00007ff9961d8000 	C:\WINDOWS\SYSTEM32\sxs.dll
0x00007ff990470000 - 0x00007ff9904d5000 	C:\Windows\System32\OLEACC.dll
0x00007ff985600000 - 0x00007ff98567d000 	C:\WINDOWS\SYSTEM32\twinapi.dll
0x00007ff994d30000 - 0x00007ff994e4c000 	C:\WINDOWS\SYSTEM32\twinapi.appcore.dll
0x00007ff996240000 - 0x00007ff99626b000 	C:\WINDOWS\SYSTEM32\bcrypt.dll

VM Arguments:
jvm_args: -Dfile.encoding=Cp1252 
java_command: gui.Main
java_class_path (initial): C:\Users\DiamondLane34\workspace\A5\bin;C:\Users\DiamondLane34\workspace\A5\org.eclipse.jdt.annotation_2.1.0.v20160418-1457.jar;C:\Users\DiamondLane34\.p2\pool\plugins\org.junit_4.12.0.v201504281640\junit.jar;C:\Users\DiamondLane34\.p2\pool\plugins\org.hamcrest.core_1.3.0.v201303031735.jar
Launcher Type: SUN_STANDARD

Environment Variables:
JAVA_HOME=C:\Program Files\Java
PATH=C:/Program Files/Java/jre1.8.0_111/bin/server;C:/Program Files/Java/jre1.8.0_111/bin;C:/Program Files/Java/jre1.8.0_111/lib/amd64;C:\Program Files (x86)\Pololu\Maestro\bin;C:\Program Files (x86)\NVIDIA Corporation\PhysX\Common;C:\Program Files\Broadcom\Broadcom 802.11 Network Adapter;;%SystemRoot%\System32\Wbem;C:\ProgramData\Oracle\Java\javapath;C:\Program Files\Java\jdk1.8.0_20\bin;.;c:\borland\bcc55\bin;C:\Program Files\Hewlett-Packard\SimplePass\;c:\Program Files\Microsoft SQL Server\110\Tools\Binn\;c:\Program Files\Microsoft SQL Server\110\DTS\Binn\;C:\Program Files (x86)\QuickTime\QTSystem\;C:\Program Files\MATLAB\MATLAB Production Server\R2015a\runtime\win64;C:\Program Files\MATLAB\MATLAB Production Server\R2015a\bin;C:\Program Files\MATLAB\MATLAB Production Server\R2015a\polyspace\bin;%SystemRoot%\system32;%SystemRoot%;%SYSTEMROOT%\System32\WindowsPowerShell\v1.0\;C:\Temp\Assembly\hla;C:\Users\DiamondLane34\AppData\Local\Enthought\Canopy\User;C:\Users\DiamondLane34\AppData\Local\Enthought\Canopy\User\Scripts;C:\Program Files\MikTeX\miktex\bin\x64\;%USERPROFILE%\AppData\Local\Microsoft\WindowsApps;;C:\Users\DiamondLane34\eclipse\java-neon\eclipse;
USERNAME=DiamondLane34
OS=Windows_NT
PROCESSOR_IDENTIFIER=Intel64 Family 6 Model 60 Stepping 3, GenuineIntel



---------------  S Y S T E M  ---------------

OS: Windows 10.0 , 64 bit Build 14393 (10.0.14393.0)

CPU:total 8 (4 cores per cpu, 2 threads per core) family 6 model 60 stepping 3, cmov, cx8, fxsr, mmx, sse, sse2, sse3, ssse3, sse4.1, sse4.2, popcnt, avx, avx2, aes, clmul, erms, lzcnt, ht, tsc, tscinvbit, bmi1, bmi2

Memory: 4k page, physical 8319000k(1968076k free), swap 33484824k(644k free)

vm_info: Java HotSpot(TM) 64-Bit Server VM (25.111-b14) for windows-amd64 JRE (1.8.0_111-b14), built on Sep 22 2016 19:24:05 by "java_re" with MS VC++ 10.0 (VS2010)

time: Fri Nov 04 20:52:10 2016
elapsed time: 11029 seconds (0d 3h 3m 49s)

